[0.602s] DEBUG:colcon:Command line arguments: ['/usr/bin/colcon', 'build']
[0.603s] DEBUG:colcon:Parsed command line arguments: Namespace(log_base=None, log_level=None, verb_name='build', build_base='build', install_base='install', merge_install=False, symlink_install=False, test_result_base=None, continue_on_error=False, executor='parallel', parallel_workers=8, event_handlers=None, ignore_user_meta=False, metas=['./colcon.meta'], base_paths=['.'], packages_ignore=None, packages_ignore_regex=None, paths=None, packages_up_to=None, packages_up_to_regex=None, packages_above=None, packages_above_and_dependencies=None, packages_above_depth=None, packages_select_by_dep=None, packages_skip_by_dep=None, packages_skip_up_to=None, packages_select_build_failed=False, packages_skip_build_finished=False, packages_select_test_failures=False, packages_skip_test_passed=False, packages_select=None, packages_skip=None, packages_select_regex=None, packages_skip_regex=None, packages_start=None, packages_end=None, allow_overriding=[], cmake_args=None, cmake_target=None, cmake_target_skip_unavailable=False, cmake_clean_cache=False, cmake_clean_first=False, cmake_force_configure=False, ament_cmake_args=None, catkin_cmake_args=None, catkin_skip_building_tests=False, mixin_files=None, mixin=None, verb_parser=<colcon_mixin.mixin.mixin_argument.MixinArgumentDecorator object at 0x7cd65bd4a050>, verb_extension=<colcon_core.verb.build.BuildVerb object at 0x7cd65becb9a0>, main=<bound method BuildVerb.main of <colcon_core.verb.build.BuildVerb object at 0x7cd65becb9a0>>, mixin_verb=('build',))
[0.911s] Level 1:colcon.colcon_core.package_discovery:discover_packages(colcon_meta) check parameters
[0.911s] Level 1:colcon.colcon_core.package_discovery:discover_packages(recursive) check parameters
[0.911s] Level 1:colcon.colcon_core.package_discovery:discover_packages(ignore) check parameters
[0.912s] Level 1:colcon.colcon_core.package_discovery:discover_packages(path) check parameters
[0.912s] Level 1:colcon.colcon_core.package_discovery:discover_packages(colcon_meta) discover
[0.912s] Level 1:colcon.colcon_core.package_discovery:discover_packages(recursive) discover
[0.912s] INFO:colcon.colcon_core.package_discovery:Crawling recursively for packages in '/home/metor/ros2_ws/src/lidar_tracker'
[0.912s] Level 1:colcon.colcon_core.package_identification:_identify(.) by extensions ['ignore', 'ignore_ament_install']
[0.912s] Level 1:colcon.colcon_core.package_identification:_identify(.) by extension 'ignore'
[0.912s] Level 1:colcon.colcon_core.package_identification:_identify(.) by extension 'ignore_ament_install'
[0.913s] Level 1:colcon.colcon_core.package_identification:_identify(.) by extensions ['colcon_pkg']
[0.913s] Level 1:colcon.colcon_core.package_identification:_identify(.) by extension 'colcon_pkg'
[0.913s] Level 1:colcon.colcon_core.package_identification:_identify(.) by extensions ['colcon_meta']
[0.913s] Level 1:colcon.colcon_core.package_identification:_identify(.) by extension 'colcon_meta'
[0.913s] Level 1:colcon.colcon_core.package_identification:_identify(.) by extensions ['ros']
[0.913s] Level 1:colcon.colcon_core.package_identification:_identify(.) by extension 'ros'
[0.940s] DEBUG:colcon.colcon_core.package_identification:Package '.' with type 'ros.ament_python' and name 'lidar_tracker'
[0.940s] Level 1:colcon.colcon_core.package_discovery:discover_packages(recursive) using defaults
[0.940s] Level 1:colcon.colcon_core.package_discovery:discover_packages(ignore) discover
[0.940s] Level 1:colcon.colcon_core.package_discovery:discover_packages(ignore) using defaults
[0.940s] Level 1:colcon.colcon_core.package_discovery:discover_packages(path) discover
[0.940s] Level 1:colcon.colcon_core.package_discovery:discover_packages(path) using defaults
[0.986s] Level 1:colcon.colcon_core.package_discovery:discover_packages(prefix_path) check parameters
[0.986s] Level 1:colcon.colcon_core.package_discovery:discover_packages(prefix_path) discover
[0.997s] DEBUG:colcon.colcon_installed_package_information.package_discovery:Found 3 installed packages in /home/metor/ros2_ws/install
[1.000s] DEBUG:colcon.colcon_installed_package_information.package_discovery:Found 271 installed packages in /opt/ros/humble
[1.005s] Level 1:colcon.colcon_core.package_discovery:discover_packages(prefix_path) using defaults
[1.071s] Level 5:colcon.colcon_core.verb:set package 'lidar_tracker' build argument 'cmake_args' from command line to 'None'
[1.071s] Level 5:colcon.colcon_core.verb:set package 'lidar_tracker' build argument 'cmake_target' from command line to 'None'
[1.071s] Level 5:colcon.colcon_core.verb:set package 'lidar_tracker' build argument 'cmake_target_skip_unavailable' from command line to 'False'
[1.071s] Level 5:colcon.colcon_core.verb:set package 'lidar_tracker' build argument 'cmake_clean_cache' from command line to 'False'
[1.071s] Level 5:colcon.colcon_core.verb:set package 'lidar_tracker' build argument 'cmake_clean_first' from command line to 'False'
[1.071s] Level 5:colcon.colcon_core.verb:set package 'lidar_tracker' build argument 'cmake_force_configure' from command line to 'False'
[1.071s] Level 5:colcon.colcon_core.verb:set package 'lidar_tracker' build argument 'ament_cmake_args' from command line to 'None'
[1.071s] Level 5:colcon.colcon_core.verb:set package 'lidar_tracker' build argument 'catkin_cmake_args' from command line to 'None'
[1.071s] Level 5:colcon.colcon_core.verb:set package 'lidar_tracker' build argument 'catkin_skip_building_tests' from command line to 'False'
[1.071s] DEBUG:colcon.colcon_core.verb:Building package 'lidar_tracker' with the following arguments: {'ament_cmake_args': None, 'build_base': '/home/metor/ros2_ws/src/lidar_tracker/build/lidar_tracker', 'catkin_cmake_args': None, 'catkin_skip_building_tests': False, 'cmake_args': None, 'cmake_clean_cache': False, 'cmake_clean_first': False, 'cmake_force_configure': False, 'cmake_target': None, 'cmake_target_skip_unavailable': False, 'install_base': '/home/metor/ros2_ws/src/lidar_tracker/install/lidar_tracker', 'merge_install': False, 'path': '/home/metor/ros2_ws/src/lidar_tracker', 'symlink_install': False, 'test_result_base': None}
[1.072s] INFO:colcon.colcon_core.executor:Executing jobs using 'parallel' executor
[1.074s] DEBUG:colcon.colcon_parallel_executor.executor.parallel:run_until_complete
[1.075s] INFO:colcon.colcon_ros.task.ament_python.build:Building ROS package in '/home/metor/ros2_ws/src/lidar_tracker' with build type 'ament_python'
[1.076s] Level 1:colcon.colcon_core.shell:create_environment_hook('lidar_tracker', 'ament_prefix_path')
[1.079s] INFO:colcon.colcon_core.plugin_system:Skipping extension 'colcon_core.shell.bat': Not used on non-Windows systems
[1.079s] INFO:colcon.colcon_core.shell:Creating environment hook '/home/metor/ros2_ws/src/lidar_tracker/install/lidar_tracker/share/lidar_tracker/hook/ament_prefix_path.ps1'
[1.082s] INFO:colcon.colcon_core.shell:Creating environment descriptor '/home/metor/ros2_ws/src/lidar_tracker/install/lidar_tracker/share/lidar_tracker/hook/ament_prefix_path.dsv'
[1.083s] INFO:colcon.colcon_core.shell:Creating environment hook '/home/metor/ros2_ws/src/lidar_tracker/install/lidar_tracker/share/lidar_tracker/hook/ament_prefix_path.sh'
[1.085s] INFO:colcon.colcon_core.shell:Skip shell extension 'powershell' for command environment: Not usable outside of PowerShell
[1.085s] DEBUG:colcon.colcon_core.shell:Skip shell extension 'dsv' for command environment
[1.506s] INFO:colcon.colcon_core.task.python.build:Building Python package in '/home/metor/ros2_ws/src/lidar_tracker'
[1.507s] INFO:colcon.colcon_core.shell:Skip shell extension 'powershell' for command environment: Not usable outside of PowerShell
[1.507s] DEBUG:colcon.colcon_core.shell:Skip shell extension 'dsv' for command environment
[2.150s] DEBUG:colcon.colcon_core.event_handler.log_command:Invoking command in '/home/metor/ros2_ws/src/lidar_tracker': PYTHONPATH=/home/metor/ros2_ws/src/lidar_tracker/build/lidar_tracker/prefix_override:/usr/lib/python3/dist-packages/colcon_core/task/python/colcon_distutils_commands:/home/metor/ros2_ws/src/lidar_tracker/install/lidar_tracker/lib/python3.10/site-packages:${PYTHONPATH} /usr/bin/python3 -W ignore:setup.py install is deprecated -W ignore:easy_install command is deprecated setup.py egg_info --egg-base build/lidar_tracker build --build-base /home/metor/ros2_ws/src/lidar_tracker/build/lidar_tracker/build install --record /home/metor/ros2_ws/src/lidar_tracker/build/lidar_tracker/install.log --single-version-externally-managed install_data
[2.777s] DEBUG:colcon.colcon_core.event_handler.log_command:Invoked command in '/home/metor/ros2_ws/src/lidar_tracker' returned '0': PYTHONPATH=/home/metor/ros2_ws/src/lidar_tracker/build/lidar_tracker/prefix_override:/usr/lib/python3/dist-packages/colcon_core/task/python/colcon_distutils_commands:/home/metor/ros2_ws/src/lidar_tracker/install/lidar_tracker/lib/python3.10/site-packages:${PYTHONPATH} /usr/bin/python3 -W ignore:setup.py install is deprecated -W ignore:easy_install command is deprecated setup.py egg_info --egg-base build/lidar_tracker build --build-base /home/metor/ros2_ws/src/lidar_tracker/build/lidar_tracker/build install --record /home/metor/ros2_ws/src/lidar_tracker/build/lidar_tracker/install.log --single-version-externally-managed install_data
[2.782s] Level 1:colcon.colcon_core.environment:checking '/home/metor/ros2_ws/src/lidar_tracker/install/lidar_tracker' for CMake module files
[2.784s] Level 1:colcon.colcon_core.environment:checking '/home/metor/ros2_ws/src/lidar_tracker/install/lidar_tracker' for CMake config files
[2.786s] Level 1:colcon.colcon_core.environment:checking '/home/metor/ros2_ws/src/lidar_tracker/install/lidar_tracker/lib'
[2.786s] Level 1:colcon.colcon_core.environment:checking '/home/metor/ros2_ws/src/lidar_tracker/install/lidar_tracker/bin'
[2.787s] Level 1:colcon.colcon_core.environment:checking '/home/metor/ros2_ws/src/lidar_tracker/install/lidar_tracker/lib/pkgconfig/lidar_tracker.pc'
[2.787s] Level 1:colcon.colcon_core.environment:checking '/home/metor/ros2_ws/src/lidar_tracker/install/lidar_tracker/lib/python3.10/site-packages'
[2.788s] Level 1:colcon.colcon_core.shell:create_environment_hook('lidar_tracker', 'pythonpath')
[2.788s] INFO:colcon.colcon_core.shell:Creating environment hook '/home/metor/ros2_ws/src/lidar_tracker/install/lidar_tracker/share/lidar_tracker/hook/pythonpath.ps1'
[2.792s] INFO:colcon.colcon_core.shell:Creating environment descriptor '/home/metor/ros2_ws/src/lidar_tracker/install/lidar_tracker/share/lidar_tracker/hook/pythonpath.dsv'
[2.793s] INFO:colcon.colcon_core.shell:Creating environment hook '/home/metor/ros2_ws/src/lidar_tracker/install/lidar_tracker/share/lidar_tracker/hook/pythonpath.sh'
[2.796s] Level 1:colcon.colcon_core.environment:checking '/home/metor/ros2_ws/src/lidar_tracker/install/lidar_tracker/bin'
[2.796s] Level 1:colcon.colcon_core.environment:create_environment_scripts_only(lidar_tracker)
[2.797s] INFO:colcon.colcon_core.shell:Creating package script '/home/metor/ros2_ws/src/lidar_tracker/install/lidar_tracker/share/lidar_tracker/package.ps1'
[2.800s] INFO:colcon.colcon_core.shell:Creating package descriptor '/home/metor/ros2_ws/src/lidar_tracker/install/lidar_tracker/share/lidar_tracker/package.dsv'
[2.803s] INFO:colcon.colcon_core.shell:Creating package script '/home/metor/ros2_ws/src/lidar_tracker/install/lidar_tracker/share/lidar_tracker/package.sh'
[2.805s] INFO:colcon.colcon_core.shell:Creating package script '/home/metor/ros2_ws/src/lidar_tracker/install/lidar_tracker/share/lidar_tracker/package.bash'
[2.807s] INFO:colcon.colcon_core.shell:Creating package script '/home/metor/ros2_ws/src/lidar_tracker/install/lidar_tracker/share/lidar_tracker/package.zsh'
[2.809s] Level 1:colcon.colcon_core.environment:create_file_with_runtime_dependencies(/home/metor/ros2_ws/src/lidar_tracker/install/lidar_tracker/share/colcon-core/packages/lidar_tracker)
[2.813s] DEBUG:colcon.colcon_parallel_executor.executor.parallel:closing loop
[2.815s] DEBUG:colcon.colcon_parallel_executor.executor.parallel:loop closed
[2.815s] DEBUG:colcon.colcon_parallel_executor.executor.parallel:run_until_complete finished with '0'
[2.815s] DEBUG:colcon.colcon_core.event_reactor:joining thread
[3.086s] INFO:colcon.colcon_core.plugin_system:Skipping extension 'colcon_notification.desktop_notification.notify_send': Could not find 'notify-send'
[3.087s] INFO:colcon.colcon_core.plugin_system:Skipping extension 'colcon_notification.desktop_notification.terminal_notifier': Not used on non-Darwin systems
[3.087s] INFO:colcon.colcon_core.plugin_system:Skipping extension 'colcon_notification.desktop_notification.win32': Not used on non-Windows systems
[3.088s] INFO:colcon.colcon_notification.desktop_notification:Sending desktop notification using 'notify2'
[3.088s] DEBUG:colcon.colcon_notification.desktop_notification.notify2:Failed to initialize notify2: org.freedesktop.DBus.Error.FileNotFound: Failed to connect to socket /run/user/1000/bus: No such file or directory
[3.089s] DEBUG:colcon.colcon_core.event_reactor:joined thread
[3.090s] INFO:colcon.colcon_core.shell:Creating prefix script '/home/metor/ros2_ws/src/lidar_tracker/install/local_setup.ps1'
[3.094s] INFO:colcon.colcon_core.shell:Creating prefix util module '/home/metor/ros2_ws/src/lidar_tracker/install/_local_setup_util_ps1.py'
[3.099s] INFO:colcon.colcon_core.shell:Creating prefix chain script '/home/metor/ros2_ws/src/lidar_tracker/install/setup.ps1'
[3.102s] INFO:colcon.colcon_core.shell:Creating prefix script '/home/metor/ros2_ws/src/lidar_tracker/install/local_setup.sh'
[3.105s] INFO:colcon.colcon_core.shell:Creating prefix util module '/home/metor/ros2_ws/src/lidar_tracker/install/_local_setup_util_sh.py'
[3.111s] INFO:colcon.colcon_core.shell:Creating prefix chain script '/home/metor/ros2_ws/src/lidar_tracker/install/setup.sh'
[3.114s] INFO:colcon.colcon_core.shell:Creating prefix script '/home/metor/ros2_ws/src/lidar_tracker/install/local_setup.bash'
[3.115s] INFO:colcon.colcon_core.shell:Creating prefix chain script '/home/metor/ros2_ws/src/lidar_tracker/install/setup.bash'
[3.119s] INFO:colcon.colcon_core.shell:Creating prefix script '/home/metor/ros2_ws/src/lidar_tracker/install/local_setup.zsh'
[3.119s] INFO:colcon.colcon_core.shell:Creating prefix chain script '/home/metor/ros2_ws/src/lidar_tracker/install/setup.zsh'
