[1.074s] Invoking command in '/home/metor/ros2_ws/src/lidar_tracker': PYTHONPATH=/home/metor/ros2_ws/src/lidar_tracker/build/lidar_tracker/prefix_override:/usr/lib/python3/dist-packages/colcon_core/task/python/colcon_distutils_commands:/home/metor/ros2_ws/src/lidar_tracker/install/lidar_tracker/lib/python3.10/site-packages:${PYTHONPATH} /usr/bin/python3 -W ignore:setup.py install is deprecated -W ignore:easy_install command is deprecated setup.py egg_info --egg-base build/lidar_tracker build --build-base /home/metor/ros2_ws/src/lidar_tracker/build/lidar_tracker/build install --record /home/metor/ros2_ws/src/lidar_tracker/build/lidar_tracker/install.log --single-version-externally-managed install_data
[1.565s] running egg_info
[1.567s] creating build/lidar_tracker/lidar_tracker.egg-info
[1.568s] writing build/lidar_tracker/lidar_tracker.egg-info/PKG-INFO
[1.569s] writing dependency_links to build/lidar_tracker/lidar_tracker.egg-info/dependency_links.txt
[1.569s] writing entry points to build/lidar_tracker/lidar_tracker.egg-info/entry_points.txt
[1.569s] writing requirements to build/lidar_tracker/lidar_tracker.egg-info/requires.txt
[1.570s] writing top-level names to build/lidar_tracker/lidar_tracker.egg-info/top_level.txt
[1.570s] writing manifest file 'build/lidar_tracker/lidar_tracker.egg-info/SOURCES.txt'
[1.572s] reading manifest file 'build/lidar_tracker/lidar_tracker.egg-info/SOURCES.txt'
[1.574s] writing manifest file 'build/lidar_tracker/lidar_tracker.egg-info/SOURCES.txt'
[1.574s] running build
[1.574s] running build_py
[1.574s] creating /home/metor/ros2_ws/src/lidar_tracker/build/lidar_tracker/build
[1.575s] creating /home/metor/ros2_ws/src/lidar_tracker/build/lidar_tracker/build/lib
[1.576s] creating /home/metor/ros2_ws/src/lidar_tracker/build/lidar_tracker/build/lib/lidar_tracker
[1.576s] copying lidar_tracker/scan_processor.py -> /home/metor/ros2_ws/src/lidar_tracker/build/lidar_tracker/build/lib/lidar_tracker
[1.576s] copying lidar_tracker/tracker_node.py -> /home/metor/ros2_ws/src/lidar_tracker/build/lidar_tracker/build/lib/lidar_tracker
[1.577s] copying lidar_tracker/__init__.py -> /home/metor/ros2_ws/src/lidar_tracker/build/lidar_tracker/build/lib/lidar_tracker
[1.577s] running install
[1.577s] running install_lib
[1.578s] creating /home/metor/ros2_ws/src/lidar_tracker/install/lidar_tracker/lib/python3.10/site-packages/lidar_tracker
[1.579s] copying /home/metor/ros2_ws/src/lidar_tracker/build/lidar_tracker/build/lib/lidar_tracker/scan_processor.py -> /home/metor/ros2_ws/src/lidar_tracker/install/lidar_tracker/lib/python3.10/site-packages/lidar_tracker
[1.579s] copying /home/metor/ros2_ws/src/lidar_tracker/build/lidar_tracker/build/lib/lidar_tracker/tracker_node.py -> /home/metor/ros2_ws/src/lidar_tracker/install/lidar_tracker/lib/python3.10/site-packages/lidar_tracker
[1.579s] copying /home/metor/ros2_ws/src/lidar_tracker/build/lidar_tracker/build/lib/lidar_tracker/__init__.py -> /home/metor/ros2_ws/src/lidar_tracker/install/lidar_tracker/lib/python3.10/site-packages/lidar_tracker
[1.580s] byte-compiling /home/metor/ros2_ws/src/lidar_tracker/install/lidar_tracker/lib/python3.10/site-packages/lidar_tracker/scan_processor.py to scan_processor.cpython-310.pyc
[1.582s] byte-compiling /home/metor/ros2_ws/src/lidar_tracker/install/lidar_tracker/lib/python3.10/site-packages/lidar_tracker/tracker_node.py to tracker_node.cpython-310.pyc
[1.585s] byte-compiling /home/metor/ros2_ws/src/lidar_tracker/install/lidar_tracker/lib/python3.10/site-packages/lidar_tracker/__init__.py to __init__.cpython-310.pyc
[1.585s] running install_data
[1.586s] creating /home/metor/ros2_ws/src/lidar_tracker/install/lidar_tracker/share/ament_index
[1.586s] creating /home/metor/ros2_ws/src/lidar_tracker/install/lidar_tracker/share/ament_index/resource_index
[1.586s] creating /home/metor/ros2_ws/src/lidar_tracker/install/lidar_tracker/share/ament_index/resource_index/packages
[1.587s] copying resource/lidar_tracker -> /home/metor/ros2_ws/src/lidar_tracker/install/lidar_tracker/share/ament_index/resource_index/packages
[1.587s] copying package.xml -> /home/metor/ros2_ws/src/lidar_tracker/install/lidar_tracker/share/lidar_tracker
[1.588s] creating /home/metor/ros2_ws/src/lidar_tracker/install/lidar_tracker/share/lidar_tracker/launch
[1.589s] copying launch/test.py -> /home/metor/ros2_ws/src/lidar_tracker/install/lidar_tracker/share/lidar_tracker/launch
[1.589s] copying launch/lidar_tracker_launch.py -> /home/metor/ros2_ws/src/lidar_tracker/install/lidar_tracker/share/lidar_tracker/launch
[1.589s] running install_egg_info
[1.592s] Copying build/lidar_tracker/lidar_tracker.egg-info to /home/metor/ros2_ws/src/lidar_tracker/install/lidar_tracker/lib/python3.10/site-packages/lidar_tracker-2.0.0-py3.10.egg-info
[1.594s] running install_scripts
[1.645s] Installing scan_processor script to /home/metor/ros2_ws/src/lidar_tracker/install/lidar_tracker/lib/lidar_tracker
[1.646s] Installing tracker_node script to /home/metor/ros2_ws/src/lidar_tracker/install/lidar_tracker/lib/lidar_tracker
[1.647s] writing list of installed files to '/home/metor/ros2_ws/src/lidar_tracker/build/lidar_tracker/install.log'
[1.702s] Invoked command in '/home/metor/ros2_ws/src/lidar_tracker' returned '0': PYTHONPATH=/home/metor/ros2_ws/src/lidar_tracker/build/lidar_tracker/prefix_override:/usr/lib/python3/dist-packages/colcon_core/task/python/colcon_distutils_commands:/home/metor/ros2_ws/src/lidar_tracker/install/lidar_tracker/lib/python3.10/site-packages:${PYTHONPATH} /usr/bin/python3 -W ignore:setup.py install is deprecated -W ignore:easy_install command is deprecated setup.py egg_info --egg-base build/lidar_tracker build --build-base /home/metor/ros2_ws/src/lidar_tracker/build/lidar_tracker/build install --record /home/metor/ros2_ws/src/lidar_tracker/build/lidar_tracker/install.log --single-version-externally-managed install_data
